Release 12.2 Map M.63c (nt64)
Xilinx Mapping Report File for Design 'top_level'

Design Information
------------------
Command Line   : map -intstyle ise -p xc3s500e-fg320-5 -cm area -ir off -pr off
-c 100 -o top_level_map.ncd top_level.ngd top_level.pcf 
Target Device  : xc3s500e
Target Package : fg320
Target Speed   : -5
Mapper Version : spartan3e -- $Revision: 1.52 $
Mapped Date    : Thu Dec 05 13:22:16 2013

Design Summary
--------------
Number of errors:      0
Number of warnings:   50
Logic Utilization:
  Total Number Slice Registers:         291 out of   9,312    3%
    Number used as Flip Flops:          255
    Number used as Latches:              36
  Number of 4 input LUTs:               637 out of   9,312    6%
Logic Distribution:
  Number of occupied Slices:            448 out of   4,656    9%
    Number of Slices containing only related logic:     448 out of     448 100%
    Number of Slices containing unrelated logic:          0 out of     448   0%
      *See NOTES below for an explanation of the effects of unrelated logic.
  Total Number of 4 input LUTs:         702 out of   9,312    7%
    Number used as logic:               637
    Number used as a route-thru:         65

  The Slice Logic Distribution report is not meaningful if the design is
  over-mapped for a non-slice resource or if Placement fails.

  Number of bonded IOBs:                 26 out of     232   11%
    IOB Latches:                          8
  Number of RAMB16s:                      1 out of      20    5%
  Number of BUFGMUXs:                     4 out of      24   16%

Average Fanout of Non-Clock Nets:                3.41

Peak Memory Usage:  243 MB
Total REAL time to MAP completion:  13 secs 
Total CPU time to MAP completion:   5 secs 

NOTES:

   Related logic is defined as being logic that shares connectivity - e.g. two
   LUTs are "related" if they share common inputs.  When assembling slices,
   Map gives priority to combine logic that is related.  Doing so results in
   the best timing performance.

   Unrelated logic shares no connectivity.  Map will only begin packing
   unrelated logic into a slice once 99% of the slices are occupied through
   related logic packing.

   Note that once logic distribution reaches the 99% level through related
   logic packing, this does not mean the device is completely utilized.
   Unrelated logic packing will then begin, continuing until all usable LUTs
   and FFs are occupied.  Depending on your timing budget, increased levels of
   unrelated logic packing may adversely affect the overall timing performance
   of your design.

Table of Contents
-----------------
Section 1 - Errors
Section 2 - Warnings
Section 3 - Informational
Section 4 - Removed Logic Summary
Section 5 - Removed Logic
Section 6 - IOB Properties
Section 7 - RPMs
Section 8 - Guide Report
Section 9 - Area Group and Partition Summary
Section 10 - Timing Report
Section 11 - Configuration String Information
Section 12 - Control Set Information
Section 13 - Utilization by Hierarchy

Section 1 - Errors
------------------

Section 2 - Warnings
--------------------
WARNING:PhysDesignRules:372 - Gated clock. Clock net mem_we is sourced by a
   combinatorial pin. This is not good design practice. Use the CE pin to
   control the loading of data into the flip-flop.
WARNING:PhysDesignRules:372 - Gated clock. Clock net
   RISC/control_unit/pc_sel_or0000 is sourced by a combinatorial pin. This is
   not good design practice. Use the CE pin to control the loading of data into
   the flip-flop.
WARNING:PhysDesignRules:812 - Dangling pin <DOA2> on
   block:<ram/dut/BU2/U0/blk_mem_generator/valid.cstr/ramloop[0].ram.r/s3_init.r
   am/spram.ram.A>:<RAMB16_RAMB16A>.
WARNING:PhysDesignRules:812 - Dangling pin <DOA3> on
   block:<ram/dut/BU2/U0/blk_mem_generator/valid.cstr/ramloop[0].ram.r/s3_init.r
   am/spram.ram.A>:<RAMB16_RAMB16A>.
WARNING:PhysDesignRules:812 - Dangling pin <DOA4> on
   block:<ram/dut/BU2/U0/blk_mem_generator/valid.cstr/ramloop[0].ram.r/s3_init.r
   am/spram.ram.A>:<RAMB16_RAMB16A>.
WARNING:PhysDesignRules:812 - Dangling pin <DOA5> on
   block:<ram/dut/BU2/U0/blk_mem_generator/valid.cstr/ramloop[0].ram.r/s3_init.r
   am/spram.ram.A>:<RAMB16_RAMB16A>.
WARNING:PhysDesignRules:812 - Dangling pin <DOA6> on
   block:<ram/dut/BU2/U0/blk_mem_generator/valid.cstr/ramloop[0].ram.r/s3_init.r
   am/spram.ram.A>:<RAMB16_RAMB16A>.
WARNING:PhysDesignRules:812 - Dangling pin <DOA7> on
   block:<ram/dut/BU2/U0/blk_mem_generator/valid.cstr/ramloop[0].ram.r/s3_init.r
   am/spram.ram.A>:<RAMB16_RAMB16A>.
WARNING:PhysDesignRules:812 - Dangling pin <DOA10> on
   block:<ram/dut/BU2/U0/blk_mem_generator/valid.cstr/ramloop[0].ram.r/s3_init.r
   am/spram.ram.A>:<RAMB16_RAMB16A>.
WARNING:PhysDesignRules:812 - Dangling pin <DOA11> on
   block:<ram/dut/BU2/U0/blk_mem_generator/valid.cstr/ramloop[0].ram.r/s3_init.r
   am/spram.ram.A>:<RAMB16_RAMB16A>.
WARNING:PhysDesignRules:812 - Dangling pin <DOA12> on
   block:<ram/dut/BU2/U0/blk_mem_generator/valid.cstr/ramloop[0].ram.r/s3_init.r
   am/spram.ram.A>:<RAMB16_RAMB16A>.
WARNING:PhysDesignRules:812 - Dangling pin <DOA13> on
   block:<ram/dut/BU2/U0/blk_mem_generator/valid.cstr/ramloop[0].ram.r/s3_init.r
   am/spram.ram.A>:<RAMB16_RAMB16A>.
WARNING:PhysDesignRules:812 - Dangling pin <DOA14> on
   block:<ram/dut/BU2/U0/blk_mem_generator/valid.cstr/ramloop[0].ram.r/s3_init.r
   am/spram.ram.A>:<RAMB16_RAMB16A>.
WARNING:PhysDesignRules:812 - Dangling pin <DOA15> on
   block:<ram/dut/BU2/U0/blk_mem_generator/valid.cstr/ramloop[0].ram.r/s3_init.r
   am/spram.ram.A>:<RAMB16_RAMB16A>.
WARNING:PhysDesignRules:812 - Dangling pin <DOA18> on
   block:<ram/dut/BU2/U0/blk_mem_generator/valid.cstr/ramloop[0].ram.r/s3_init.r
   am/spram.ram.A>:<RAMB16_RAMB16A>.
WARNING:PhysDesignRules:812 - Dangling pin <DOA19> on
   block:<ram/dut/BU2/U0/blk_mem_generator/valid.cstr/ramloop[0].ram.r/s3_init.r
   am/spram.ram.A>:<RAMB16_RAMB16A>.
WARNING:PhysDesignRules:812 - Dangling pin <DOA20> on
   block:<ram/dut/BU2/U0/blk_mem_generator/valid.cstr/ramloop[0].ram.r/s3_init.r
   am/spram.ram.A>:<RAMB16_RAMB16A>.
WARNING:PhysDesignRules:812 - Dangling pin <DOA21> on
   block:<ram/dut/BU2/U0/blk_mem_generator/valid.cstr/ramloop[0].ram.r/s3_init.r
   am/spram.ram.A>:<RAMB16_RAMB16A>.
WARNING:PhysDesignRules:812 - Dangling pin <DOA22> on
   block:<ram/dut/BU2/U0/blk_mem_generator/valid.cstr/ramloop[0].ram.r/s3_init.r
   am/spram.ram.A>:<RAMB16_RAMB16A>.
WARNING:PhysDesignRules:812 - Dangling pin <DOA23> on
   block:<ram/dut/BU2/U0/blk_mem_generator/valid.cstr/ramloop[0].ram.r/s3_init.r
   am/spram.ram.A>:<RAMB16_RAMB16A>.
WARNING:PhysDesignRules:812 - Dangling pin <DOA26> on
   block:<ram/dut/BU2/U0/blk_mem_generator/valid.cstr/ramloop[0].ram.r/s3_init.r
   am/spram.ram.A>:<RAMB16_RAMB16A>.
WARNING:PhysDesignRules:812 - Dangling pin <DOA27> on
   block:<ram/dut/BU2/U0/blk_mem_generator/valid.cstr/ramloop[0].ram.r/s3_init.r
   am/spram.ram.A>:<RAMB16_RAMB16A>.
WARNING:PhysDesignRules:812 - Dangling pin <DOA28> on
   block:<ram/dut/BU2/U0/blk_mem_generator/valid.cstr/ramloop[0].ram.r/s3_init.r
   am/spram.ram.A>:<RAMB16_RAMB16A>.
WARNING:PhysDesignRules:812 - Dangling pin <DOA29> on
   block:<ram/dut/BU2/U0/blk_mem_generator/valid.cstr/ramloop[0].ram.r/s3_init.r
   am/spram.ram.A>:<RAMB16_RAMB16A>.
WARNING:PhysDesignRules:812 - Dangling pin <DOA30> on
   block:<ram/dut/BU2/U0/blk_mem_generator/valid.cstr/ramloop[0].ram.r/s3_init.r
   am/spram.ram.A>:<RAMB16_RAMB16A>.
WARNING:PhysDesignRules:812 - Dangling pin <DOA31> on
   block:<ram/dut/BU2/U0/blk_mem_generator/valid.cstr/ramloop[0].ram.r/s3_init.r
   am/spram.ram.A>:<RAMB16_RAMB16A>.
WARNING:PhysDesignRules:812 - Dangling pin <DOB2> on
   block:<ram/dut/BU2/U0/blk_mem_generator/valid.cstr/ramloop[0].ram.r/s3_init.r
   am/spram.ram.B>:<RAMB16_RAMB16B>.
WARNING:PhysDesignRules:812 - Dangling pin <DOB3> on
   block:<ram/dut/BU2/U0/blk_mem_generator/valid.cstr/ramloop[0].ram.r/s3_init.r
   am/spram.ram.B>:<RAMB16_RAMB16B>.
WARNING:PhysDesignRules:812 - Dangling pin <DOB4> on
   block:<ram/dut/BU2/U0/blk_mem_generator/valid.cstr/ramloop[0].ram.r/s3_init.r
   am/spram.ram.B>:<RAMB16_RAMB16B>.
WARNING:PhysDesignRules:812 - Dangling pin <DOB5> on
   block:<ram/dut/BU2/U0/blk_mem_generator/valid.cstr/ramloop[0].ram.r/s3_init.r
   am/spram.ram.B>:<RAMB16_RAMB16B>.
WARNING:PhysDesignRules:812 - Dangling pin <DOB6> on
   block:<ram/dut/BU2/U0/blk_mem_generator/valid.cstr/ramloop[0].ram.r/s3_init.r
   am/spram.ram.B>:<RAMB16_RAMB16B>.
WARNING:PhysDesignRules:812 - Dangling pin <DOB7> on
   block:<ram/dut/BU2/U0/blk_mem_generator/valid.cstr/ramloop[0].ram.r/s3_init.r
   am/spram.ram.B>:<RAMB16_RAMB16B>.
WARNING:PhysDesignRules:812 - Dangling pin <DOB10> on
   block:<ram/dut/BU2/U0/blk_mem_generator/valid.cstr/ramloop[0].ram.r/s3_init.r
   am/spram.ram.B>:<RAMB16_RAMB16B>.
WARNING:PhysDesignRules:812 - Dangling pin <DOB11> on
   block:<ram/dut/BU2/U0/blk_mem_generator/valid.cstr/ramloop[0].ram.r/s3_init.r
   am/spram.ram.B>:<RAMB16_RAMB16B>.
WARNING:PhysDesignRules:812 - Dangling pin <DOB12> on
   block:<ram/dut/BU2/U0/blk_mem_generator/valid.cstr/ramloop[0].ram.r/s3_init.r
   am/spram.ram.B>:<RAMB16_RAMB16B>.
WARNING:PhysDesignRules:812 - Dangling pin <DOB13> on
   block:<ram/dut/BU2/U0/blk_mem_generator/valid.cstr/ramloop[0].ram.r/s3_init.r
   am/spram.ram.B>:<RAMB16_RAMB16B>.
WARNING:PhysDesignRules:812 - Dangling pin <DOB14> on
   block:<ram/dut/BU2/U0/blk_mem_generator/valid.cstr/ramloop[0].ram.r/s3_init.r
   am/spram.ram.B>:<RAMB16_RAMB16B>.
WARNING:PhysDesignRules:812 - Dangling pin <DOB15> on
   block:<ram/dut/BU2/U0/blk_mem_generator/valid.cstr/ramloop[0].ram.r/s3_init.r
   am/spram.ram.B>:<RAMB16_RAMB16B>.
WARNING:PhysDesignRules:812 - Dangling pin <DOB18> on
   block:<ram/dut/BU2/U0/blk_mem_generator/valid.cstr/ramloop[0].ram.r/s3_init.r
   am/spram.ram.B>:<RAMB16_RAMB16B>.
WARNING:PhysDesignRules:812 - Dangling pin <DOB19> on
   block:<ram/dut/BU2/U0/blk_mem_generator/valid.cstr/ramloop[0].ram.r/s3_init.r
   am/spram.ram.B>:<RAMB16_RAMB16B>.
WARNING:PhysDesignRules:812 - Dangling pin <DOB20> on
   block:<ram/dut/BU2/U0/blk_mem_generator/valid.cstr/ramloop[0].ram.r/s3_init.r
   am/spram.ram.B>:<RAMB16_RAMB16B>.
WARNING:PhysDesignRules:812 - Dangling pin <DOB21> on
   block:<ram/dut/BU2/U0/blk_mem_generator/valid.cstr/ramloop[0].ram.r/s3_init.r
   am/spram.ram.B>:<RAMB16_RAMB16B>.
WARNING:PhysDesignRules:812 - Dangling pin <DOB22> on
   block:<ram/dut/BU2/U0/blk_mem_generator/valid.cstr/ramloop[0].ram.r/s3_init.r
   am/spram.ram.B>:<RAMB16_RAMB16B>.
WARNING:PhysDesignRules:812 - Dangling pin <DOB23> on
   block:<ram/dut/BU2/U0/blk_mem_generator/valid.cstr/ramloop[0].ram.r/s3_init.r
   am/spram.ram.B>:<RAMB16_RAMB16B>.
WARNING:PhysDesignRules:812 - Dangling pin <DOB26> on
   block:<ram/dut/BU2/U0/blk_mem_generator/valid.cstr/ramloop[0].ram.r/s3_init.r
   am/spram.ram.B>:<RAMB16_RAMB16B>.
WARNING:PhysDesignRules:812 - Dangling pin <DOB27> on
   block:<ram/dut/BU2/U0/blk_mem_generator/valid.cstr/ramloop[0].ram.r/s3_init.r
   am/spram.ram.B>:<RAMB16_RAMB16B>.
WARNING:PhysDesignRules:812 - Dangling pin <DOB28> on
   block:<ram/dut/BU2/U0/blk_mem_generator/valid.cstr/ramloop[0].ram.r/s3_init.r
   am/spram.ram.B>:<RAMB16_RAMB16B>.
WARNING:PhysDesignRules:812 - Dangling pin <DOB29> on
   block:<ram/dut/BU2/U0/blk_mem_generator/valid.cstr/ramloop[0].ram.r/s3_init.r
   am/spram.ram.B>:<RAMB16_RAMB16B>.
WARNING:PhysDesignRules:812 - Dangling pin <DOB30> on
   block:<ram/dut/BU2/U0/blk_mem_generator/valid.cstr/ramloop[0].ram.r/s3_init.r
   am/spram.ram.B>:<RAMB16_RAMB16B>.
WARNING:PhysDesignRules:812 - Dangling pin <DOB31> on
   block:<ram/dut/BU2/U0/blk_mem_generator/valid.cstr/ramloop[0].ram.r/s3_init.r
   am/spram.ram.B>:<RAMB16_RAMB16B>.

Section 3 - Informational
-------------------------
INFO:MapLib:562 - No environment variables are currently set.
INFO:LIT:244 - All of the single ended outputs in this design are using slew
   rate limited output drivers. The delay on speed critical single ended outputs
   can be dramatically reduced by designating them as fast outputs.

Section 4 - Removed Logic Summary
---------------------------------
   2 block(s) removed
   4 block(s) optimized away

Section 5 - Removed Logic
-------------------------
Unused block "ram/dut/GND" (ZERO) removed.
Unused block "ram/dut/VCC" (ONE) removed.

Optimized Block(s):
TYPE 		BLOCK
GND 		XST_GND
VCC 		XST_VCC
GND 		ram/dut/BU2/XST_GND
VCC 		ram/dut/BU2/XST_VCC

To enable printing of redundant blocks removed and signals merged, set the
detailed map report option and rerun map.

Section 6 - IOB Properties
--------------------------

+---------------------------------------------------------------------------------------------------------------------------------------------------------+
| IOB Name                           | Type             | Direction | IO Standard          | Diff  | Drive    | Slew | Reg (s)      | Resistor | IOB      |
|                                    |                  |           |                      | Term  | Strength | Rate |              |          | Delay    |
+---------------------------------------------------------------------------------------------------------------------------------------------------------+
| AD_sel                             | IBUF             | INPUT     | LVCMOS25             |       |          |      |              |          | 0 / 0    |
| a                                  | IOB              | OUTPUT    | LVCMOS25             |       | 12       | SLOW |              |          | 0 / 0    |
| a0                                 | IOB              | OUTPUT    | LVCMOS25             |       | 12       | SLOW |              |          | 0 / 0    |
| a1                                 | IOB              | OUTPUT    | LVCMOS25             |       | 12       | SLOW |              |          | 0 / 0    |
| a2                                 | IOB              | OUTPUT    | LVCMOS25             |       | 12       | SLOW |              |          | 0 / 0    |
| a3                                 | IOB              | OUTPUT    | LVCMOS25             |       | 12       | SLOW |              |          | 0 / 0    |
| b                                  | IOB              | OUTPUT    | LVCMOS25             |       | 12       | SLOW |              |          | 0 / 0    |
| c                                  | IOB              | OUTPUT    | LVCMOS25             |       | 12       | SLOW |              |          | 0 / 0    |
| clk1                               | IBUF             | INPUT     | LVCMOS25             |       |          |      |              |          | 0 / 0    |
| d                                  | IOB              | OUTPUT    | LVCMOS25             |       | 12       | SLOW |              |          | 0 / 0    |
| dump_mem                           | IBUF             | INPUT     | LVCMOS25             |       |          |      |              |          | 0 / 0    |
| e                                  | IOB              | OUTPUT    | LVCMOS25             |       | 12       | SLOW |              |          | 0 / 0    |
| f                                  | IOB              | OUTPUT    | LVCMOS25             |       | 12       | SLOW |              |          | 0 / 0    |
| g                                  | IOB              | OUTPUT    | LVCMOS25             |       | 12       | SLOW |              |          | 0 / 0    |
| reset                              | IBUF             | INPUT     | LVCMOS25             |       |          |      |              |          | 0 / 0    |
| status<0>                          | IOB              | OUTPUT    | LVCMOS25             |       | 12       | SLOW | OFF1         |          | 0 / 0    |
| status<1>                          | IOB              | OUTPUT    | LVCMOS25             |       | 12       | SLOW | OFF1         |          | 0 / 0    |
| status<2>                          | IOB              | OUTPUT    | LVCMOS25             |       | 12       | SLOW | OFF1         |          | 0 / 0    |
| status<3>                          | IOB              | OUTPUT    | LVCMOS25             |       | 12       | SLOW | OFF1         |          | 0 / 0    |
| status<4>                          | IOB              | OUTPUT    | LVCMOS25             |       | 12       | SLOW | OFF1         |          | 0 / 0    |
| status<5>                          | IOB              | OUTPUT    | LVCMOS25             |       | 12       | SLOW | OFF1         |          | 0 / 0    |
| status<6>                          | IOB              | OUTPUT    | LVCMOS25             |       | 12       | SLOW | OFF1         |          | 0 / 0    |
| status<7>                          | IOB              | OUTPUT    | LVCMOS25             |       | 12       | SLOW | OFF1         |          | 0 / 0    |
| status<8>                          | IOB              | OUTPUT    | LVCMOS25             |       | 12       | SLOW |              |          | 0 / 0    |
| step_clk                           | IBUF             | INPUT     | LVCMOS25             |       |          |      |              |          | 0 / 0    |
| step_mem                           | IBUF             | INPUT     | LVCMOS25             |       |          |      |              |          | 0 / 0    |
+---------------------------------------------------------------------------------------------------------------------------------------------------------+

Section 7 - RPMs
----------------

Section 8 - Guide Report
------------------------
Guide not run on this design.

Section 9 - Area Group and Partition Summary
--------------------------------------------

Partition Implementation Status
-------------------------------

  No Partitions were found in this design.

-------------------------------

Area Group Information
----------------------

  No area groups were found in this design.

----------------------

Section 10 - Timing Report
--------------------------
This design was not run using timing mode.

Section 11 - Configuration String Details
-----------------------------------------
Use the "-detail" map option to print out Configuration Strings

Section 12 - Control Set Information
------------------------------------
No control set information for this architecture.

Section 13 - Utilization by Hierarchy
-------------------------------------
Use the "-detail" map option to print out the Utilization by Hierarchy section.
